# JRE version: Java(TM) SE Runtime Environment (7.0_40-b43) (build 1.7.0_40-b43)
# Java VM: Java HotSpot(TM) 64-Bit Server VM (24.0-b56 mixed mode bsd-amd64 compressed oops)
Heap
 PSYoungGen      total 56320K, used 18894K [0x00000007c0000000, 0x00000007c9c00000, 0x0000000800000000)
  eden space 48128K, 39% used [0x00000007c0000000,0x00000007c1273bc8,0x00000007c2f00000)
  from space 8192K, 0% used [0x00000007c3000000,0x00000007c3000000,0x00000007c3800000)
  to   space 55808K, 0% used [0x00000007c6580000,0x00000007c6580000,0x00000007c9c00000)
 ParOldGen       total 172544K, used 78209K [0x0000000740000000, 0x000000074a880000, 0x00000007c0000000)
  object space 172544K, 45% used [0x0000000740000000,0x0000000744c60658,0x000000074a880000)
 PSPermGen       total 37888K, used 19218K [0x000000073ae00000, 0x000000073d300000, 0x0000000740000000)
  object space 37888K, 50% used [0x000000073ae00000,0x000000073c0c4b20,0x000000073d300000)
GC Heap History (10 events):
Event: 3.620 GC heap before
{Heap before GC invocations=2 (full 0):
 PSYoungGen      total 57344K, used 54207K [0x00000007c0000000, 0x00000007c4000000, 0x0000000800000000)
  eden space 49152K, 99% used [0x00000007c0000000,0x00000007c2fd1760,0x00000007c3000000)
  from space 8192K, 63% used [0x00000007c3000000,0x00000007c351e618,0x00000007c3800000)
  to   space 8192K, 0% used [0x00000007c3800000,0x00000007c3800000,0x00000007c4000000)
 ParOldGen       total 131072K, used 72K [0x0000000740000000, 0x0000000748000000, 0x00000007c0000000)
  object space 131072K, 0% used [0x0000000740000000,0x0000000740012010,0x0000000748000000)
 PSPermGen       total 21504K, used 15304K [0x000000073ae00000, 0x000000073c300000, 0x0000000740000000)
  object space 21504K, 71% used [0x000000073ae00000,0x000000073bcf2148,0x000000073c300000)
Event: 3.631 GC heap after
Heap after GC invocations=2 (full 0):
 PSYoungGen      total 57344K, used 5999K [0x00000007c0000000, 0x00000007c4000000, 0x0000000800000000)
  eden space 49152K, 0% used [0x00000007c0000000,0x00000007c0000000,0x00000007c3000000)
  from space 8192K, 73% used [0x00000007c3800000,0x00000007c3ddbd90,0x00000007c4000000)
  to   space 8192K, 0% used [0x00000007c3000000,0x00000007c3000000,0x00000007c3800000)
 ParOldGen       total 131072K, used 6970K [0x0000000740000000, 0x0000000748000000, 0x00000007c0000000)
  object space 131072K, 5% used [0x0000000740000000,0x00000007406ceaa0,0x0000000748000000)
 PSPermGen       total 21504K, used 15304K [0x000000073ae00000, 0x000000073c300000, 0x0000000740000000)
  object space 21504K, 71% used [0x000000073ae00000,0x000000073bcf2148,0x000000073c300000)
}
Event: 6.485 GC heap before
{Heap before GC invocations=3 (full 0):
 PSYoungGen      total 57344K, used 49214K [0x00000007c0000000, 0x00000007c4000000, 0x0000000800000000)
  eden space 49152K, 87% used [0x00000007c0000000,0x00000007c2a33e00,0x00000007c3000000)
  from space 8192K, 73% used [0x00000007c3800000,0x00000007c3ddbd90,0x00000007c4000000)
  to   space 8192K, 0% used [0x00000007c3000000,0x00000007c3000000,0x00000007c3800000)
 ParOldGen       total 131072K, used 6970K [0x0000000740000000, 0x0000000748000000, 0x00000007c0000000)
  object space 131072K, 5% used [0x0000000740000000,0x00000007406ceaa0,0x0000000748000000)
 PSPermGen       total 21504K, used 16330K [0x000000073ae00000, 0x000000073c300000, 0x0000000740000000)
  object space 21504K, 75% used [0x000000073ae00000,0x000000073bdf2a40,0x000000073c300000)
Event: 6.511 GC heap after
Heap after GC invocations=3 (full 0):
 PSYoungGen      total 57344K, used 8191K [0x00000007c0000000, 0x00000007c4000000, 0x0000000800000000)
  eden space 49152K, 0% used [0x00000007c0000000,0x00000007c0000000,0x00000007c3000000)
  from space 8192K, 99% used [0x00000007c3000000,0x00000007c37ffdc0,0x00000007c3800000)
  to   space 8192K, 0% used [0x00000007c3800000,0x00000007c3800000,0x00000007c4000000)
 ParOldGen       total 131072K, used 39592K [0x0000000740000000, 0x0000000748000000, 0x00000007c0000000)
  object space 131072K, 30% used [0x0000000740000000,0x00000007426aa288,0x0000000748000000)
 PSPermGen       total 21504K, used 16330K [0x000000073ae00000, 0x000000073c300000, 0x0000000740000000)
  object space 21504K, 75% used [0x000000073ae00000,0x000000073bdf2a40,0x000000073c300000)
}
Event: 10.948 GC heap before
{Heap before GC invocations=4 (full 0):
 PSYoungGen      total 57344K, used 57343K [0x00000007c0000000, 0x00000007c4000000, 0x0000000800000000)
  eden space 49152K, 100% used [0x00000007c0000000,0x00000007c3000000,0x00000007c3000000)
  from space 8192K, 99% used [0x00000007c3000000,0x00000007c37ffdc0,0x00000007c3800000)
  to   space 8192K, 0% used [0x00000007c3800000,0x00000007c3800000,0x00000007c4000000)
 ParOldGen       total 131072K, used 39592K [0x0000000740000000, 0x0000000748000000, 0x00000007c0000000)
  object space 131072K, 30% used [0x0000000740000000,0x00000007426aa288,0x0000000748000000)
 PSPermGen       total 21504K, used 17363K [0x000000073ae00000, 0x000000073c300000, 0x0000000740000000)
  object space 21504K, 80% used [0x000000073ae00000,0x000000073bef4e50,0x000000073c300000)
Event: 10.980 GC heap after
Heap after GC invocations=4 (full 0):
 PSYoungGen      total 57344K, used 8175K [0x00000007c0000000, 0x00000007c4000000, 0x0000000800000000)
  eden space 49152K, 0% used [0x00000007c0000000,0x00000007c0000000,0x00000007c3000000)
  from space 8192K, 99% used [0x00000007c3800000,0x00000007c3ffbd70,0x00000007c4000000)
  to   space 8192K, 0% used [0x00000007c3000000,0x00000007c3000000,0x00000007c3800000)
 ParOldGen       total 131072K, used 73656K [0x0000000740000000, 0x0000000748000000, 0x00000007c0000000)
  object space 131072K, 56% used [0x0000000740000000,0x00000007447ee3a8,0x0000000748000000)
 PSPermGen       total 21504K, used 17363K [0x000000073ae00000, 0x000000073c300000, 0x0000000740000000)
  object space 21504K, 80% used [0x000000073ae00000,0x000000073bef4e50,0x000000073c300000)
}
Event: 161.952 GC heap before
{Heap before GC invocations=5 (full 0):
 PSYoungGen      total 57344K, used 57327K [0x00000007c0000000, 0x00000007c4000000, 0x0000000800000000)
  eden space 49152K, 100% used [0x00000007c0000000,0x00000007c3000000,0x00000007c3000000)
  from space 8192K, 99% used [0x00000007c3800000,0x00000007c3ffbd70,0x00000007c4000000)
  to   space 8192K, 0% used [0x00000007c3000000,0x00000007c3000000,0x00000007c3800000)
 ParOldGen       total 131072K, used 73656K [0x0000000740000000, 0x0000000748000000, 0x00000007c0000000)
  object space 131072K, 56% used [0x0000000740000000,0x00000007447ee3a8,0x0000000748000000)
 PSPermGen       total 21504K, used 18883K [0x000000073ae00000, 0x000000073c300000, 0x0000000740000000)
  object space 21504K, 87% used [0x000000073ae00000,0x000000073c070e00,0x000000073c300000)
Event: 161.977 GC heap after
Heap after GC invocations=5 (full 0):
 PSYoungGen      total 56320K, used 8169K [0x00000007c0000000, 0x00000007c9c00000, 0x0000000800000000)
  eden space 48128K, 0% used [0x00000007c0000000,0x00000007c0000000,0x00000007c2f00000)
  from space 8192K, 99% used [0x00000007c3000000,0x00000007c37fa7f0,0x00000007c3800000)
  to   space 55808K, 0% used [0x00000007c6580000,0x00000007c6580000,0x00000007c9c00000)
 ParOldGen       total 131072K, used 98997K [0x0000000740000000, 0x0000000748000000, 0x00000007c0000000)
  object space 131072K, 75% used [0x0000000740000000,0x00000007460ad778,0x0000000748000000)
 PSPermGen       total 21504K, used 18883K [0x000000073ae00000, 0x000000073c300000, 0x0000000740000000)
  object space 21504K, 87% used [0x000000073ae00000,0x000000073c070e00,0x000000073c300000)
}
Event: 161.977 GC heap before
{Heap before GC invocations=6 (full 1):
 PSYoungGen      total 56320K, used 8169K [0x00000007c0000000, 0x00000007c9c00000, 0x0000000800000000)
  eden space 48128K, 0% used [0x00000007c0000000,0x00000007c0000000,0x00000007c2f00000)
  from space 8192K, 99% used [0x00000007c3000000,0x00000007c37fa7f0,0x00000007c3800000)
  to   space 55808K, 0% used [0x00000007c6580000,0x00000007c6580000,0x00000007c9c00000)
 ParOldGen       total 131072K, used 98997K [0x0000000740000000, 0x0000000748000000, 0x00000007c0000000)
  object space 131072K, 75% used [0x0000000740000000,0x00000007460ad778,0x0000000748000000)
 PSPermGen       total 21504K, used 18883K [0x000000073ae00000, 0x000000073c300000, 0x0000000740000000)
  object space 21504K, 87% used [0x000000073ae00000,0x000000073c070e00,0x000000073c300000)
Event: 162.150 GC heap after
Heap after GC invocations=6 (full 1):
 PSYoungGen      total 56320K, used 0K [0x00000007c0000000, 0x00000007c9c00000, 0x0000000800000000)
  eden space 48128K, 0% used [0x00000007c0000000,0x00000007c0000000,0x00000007c2f00000)
  from space 8192K, 0% used [0x00000007c3000000,0x00000007c3000000,0x00000007c3800000)
  to   space 55808K, 0% used [0x00000007c6580000,0x00000007c6580000,0x00000007c9c00000)
 ParOldGen       total 172544K, used 78209K [0x0000000740000000, 0x000000074a880000, 0x00000007c0000000)
  object space 172544K, 45% used [0x0000000740000000,0x0000000744c60658,0x000000074a880000)
 PSPermGen       total 37888K, used 18874K [0x000000073ae00000, 0x000000073d300000, 0x0000000740000000)
  object space 37888K, 49% used [0x000000073ae00000,0x000000073c06e838,0x000000073d300000)
}

